IQ-TREE multicore version 2.2.2.6 COVID-edition for Linux 64-bit built May 27 2023
Developed by Bui Quang Minh, James Barbetti, Nguyen Lam Tung,
Olga Chernomor, Heiko Schmidt, Dominik Schrempf, Michael Woodhams, Ly Trong Nhan.

Host:    i49 (AVX2, FMA3, 251 GB RAM)
Command: iqtree2 -nt AUTO -s Mojave2020.Glomero.muscle.fasaln.clipkit -alrt 1000 -bb 1000 -m MFP
Seed:    93713 (Using SPRNG - Scalable Parallel Random Number Generator)
Time:    Mon Nov 13 16:44:17 2023
Kernel:  AVX+FMA - auto-detect threads (8 CPU cores detected)

Reading alignment file Mojave2020.Glomero.muscle.fasaln.clipkit ... Fasta format detected
Reading fasta file: done in 0.00138021 secs using 72.53% CPU
NOTE: Change sequence name 'Redeckera megalocarpum LIP CL/Guad05-051 ITS region; from TYPE material' -> Redeckera_megalocarpum
NOTE: Change sequence name 'Dentiscutata savannicola E W5538 ITS region; from TYPE material' -> Dentiscutata_savannicola
NOTE: Change sequence name 'Acaulospora colombiana E W5795 ITS region; from TYPE material' -> Acaulospora_colombiana
NOTE: Change sequence name 'Acaulospora spinosa E W3574 ITS region; from TYPE material' -> Acaulospora_spinosa
NOTE: Change sequence name 'Glomus macrocarpum E W5581 ITS region; from TYPE material' -> Glomus_macrocarpum
NOTE: Change sequence name 'Archaeospora ecuadoriana E W5337 ITS region; from TYPE material' -> Archaeospora_ecuadoriana
NOTE: Change sequence name 'Diversispora aurantia J Blaszkowski 2444 ITS region; from TYPE material' -> Diversispora_aurantia
NOTE: Change sequence name 'Acaulospora cavernata BEG 33 ITS region; from TYPE material' -> Acaulospora_cavernata
NOTE: Change sequence name 'Funneliformis pilosus VAL Myco1629 ITS region; from TYPE material' -> Funneliformis_pilosus
NOTE: Change sequence name 'Acaulospora laevis BEG 13 ITS region; from TYPE material' -> Acaulospora_laevis
NOTE: Change sequence name 'Acaulospora entreriana E W5476 ITS region; from TYPE material' -> Acaulospora_entreriana
NOTE: Change sequence name 'Racocetra crispa URM 88221 ITS region; from TYPE material' -> Racocetra_crispa
NOTE: Change sequence name 'Funneliformis mosseae BEG 12 ITS region; from TYPE material' -> Funneliformis_mosseae
NOTE: Change sequence name 'NR_121448.1 Glomus macrocarpum E W5581 ITS region; from TYPE material' -> NR_121448.1_Glomus
NOTE: Change sequence name 'Paraglomus occultum INVAM IA702 ITS region; from reference material' -> Paraglomus_occultum
NOTE: Change sequence name 'Gigaspora polymorphira HMAS 255790 ITS region; from TYPE material' -> Gigaspora_polymorphira
NOTE: Change sequence name 'Rhizophagus proliferus MUCL 41827 ITS region; from TYPE material' -> Rhizophagus_proliferus
NOTE: Change sequence name 'Diversispora spurca E W4119 ITS region; from TYPE material' -> Diversispora_spurca
NOTE: Change sequence name 'Septoglomus mediterraneum VAL Myco1626 ITS region; from TYPE material' -> Septoglomus_mediterraneum
NOTE: Change sequence name 'Mortierella globalpina CBS 360.70 ITS region; from TYPE material' -> Mortierella_globalpina
NOTE: Change sequence name 'Cetraspora nodosa BEG 4 ITS region; from TYPE material' -> Cetraspora_nodosa
Alignment most likely contains DNA/RNA sequences
Constructing alignment: done in 0.00226307 secs using 574.6% CPU
Alignment has 73 sequences with 1244 columns, 614 distinct patterns
393 parsimony-informative, 251 singleton sites, 600 constant sites
                           Gap/Ambiguity  Composition  p-value
Analyzing sequences: done in 4.88758e-05 secs using 114.6% CPU
   1  ASV19774.20                 88.18%    failed      0.00%
   2  ASV11482.50                 86.82%    passed     67.98%
   3  ASV2667.220                 87.94%    passed     95.09%
   4  Redeckera_megalocarpum      46.54%    passed     23.98%
   5  Dentiscutata_savannicola    51.69%    passed     33.21%
   6  ASV21387.32                 87.86%    passed     44.12%
   7  Acaulospora_colombiana      46.06%    passed     39.41%
   8  ASV30143.8                  89.55%    passed     37.16%
   9  Acaulospora_spinosa         48.47%    failed      3.93%
  10  ASV3929.160                 88.02%    passed     81.32%
  11  ASV30160.7                  83.44%    passed      7.65%
  12  ASV12361.47                 88.18%    passed     98.75%
  13  ASV28676.9                  88.10%    passed     21.50%
  14  Glomus_macrocarpum          60.21%    passed     69.86%
  15  ASV30136.25                 82.32%    passed     10.74%
  16  Archaeospora_ecuadoriana    46.46%    passed     69.07%
  17  Diversispora_aurantia       53.46%    passed     84.58%
  18  Acaulospora_cavernata       47.91%    failed      4.81%
  19  ASV10745.33                 88.99%    passed     29.46%
  20  ASV25102.11                 83.52%    passed      5.30%
  21  ASV10289.76                 88.18%    passed     58.27%
  22  ASV28717.2                  89.07%    failed      0.00%
  23  ASV13299.30                 87.70%    passed     94.43%
  24  Funneliformis_pilosus       57.07%    passed      9.02%
  25  Acaulospora_laevis          46.70%    passed     60.46%
  26  ASV13718.56                 87.94%    passed     97.10%
  27  ASV11240.14                 87.94%    passed     91.30%
  28  ASV5093.88                  88.67%    failed      0.04%
  29  ASV5652.84                  88.34%    passed     52.69%
  30  ASV8889.47                  88.42%    passed     53.35%
  31  ASV5551.68                  88.26%    passed     25.98%
  32  ASV28772.12                 87.70%    passed     22.59%
  33  ASV9874.39                  87.46%    passed     56.02%
  34  ASV11704.40                 87.70%    passed     84.21%
  35  Acaulospora_entreriana      45.98%    passed     49.45%
  36  ASV12970.29                 87.86%    passed     47.49%
  37  Racocetra_crispa            50.72%    passed     61.38%
  38  ASV5154.36                  87.86%    passed     94.01%
  39  ASV19109.19                 86.82%    passed     83.54%
  40  ASV27452.3                  88.34%    passed     89.20%
  41  ASV16467.20                 88.75%    passed     80.34%
  42  ASV4195.51                  88.34%    passed     47.19%
  43  Funneliformis_mosseae       45.98%    passed     31.06%
  44  ASV1820.406                 87.86%    passed     80.79%
  45  NR_121448.1_Glomus          48.79%    passed     23.04%
  46  ASV2326.299                 87.22%    passed     91.93%
  47  ASV2875.159                 88.42%    passed     48.02%
  48  ASV3118.154                 87.94%    passed     91.30%
  49  ASV8066.41                  88.75%    passed     73.40%
  50  ASV25208.14                 88.91%    passed     11.15%
  51  ASV8056.45                  88.34%    passed     39.09%
  52  ASV5327.96                  88.34%    passed     23.47%
  53  ASV20548.6                  82.23%    passed     12.91%
  54  ASV1560.438                 88.67%    failed      0.04%
  55  ASV4078.56                  88.02%    passed     53.22%
  56  ASV24092.23                 88.83%    passed     70.80%
  57  ASV13675.18                 89.47%    passed     32.98%
  58  ASV7833.101                 88.34%    passed     48.63%
  59  ASV27381.26                 89.39%    passed     47.04%
  60  ASV7104.69                  88.18%    passed     68.85%
  61  Paraglomus_occultum         61.58%    passed     70.60%
  62  ASV26267.13                 87.86%    passed     84.32%
  63  ASV9511.70                  87.70%    passed     89.90%
  64  Gigaspora_polymorphira      51.13%    passed     20.29%
  65  Rhizophagus_proliferus      47.19%    passed     48.99%
  66  Diversispora_spurca         47.43%    passed     86.83%
  67  ASV15900.25                 87.78%    passed     79.07%
  68  ASV2217.293                 88.02%    passed     77.28%
  69  ASV21327.33                 87.86%    passed     41.87%
  70  Septoglomus_mediterraneum   45.74%    passed     39.17%
  71  Mortierella_globalpina      57.88%    passed     10.28%
  72  ASV25075.6                  88.02%    passed     59.99%
  73  Cetraspora_nodosa           55.87%    passed     52.72%
WARNING: 61 sequences contain more than 50% gaps/ambiguity
****  TOTAL                       77.09%  6 sequences failed composition chi2 test (p-value<5%; df=3)
Checking for duplicate sequences: done in 0.000417948 secs using 633.6% CPU


Create initial parsimony tree by phylogenetic likelihood library (PLL)... 0.014 seconds
Measuring multi-threading efficiency up to 8 CPU cores
Increase to 10 rounds for branch lengths
88 trees examined
Threads: 1 / Time: 8.088 sec / Speedup: 1.000 / Efficiency: 100% / LogL: -13413
Threads: 2 / Time: 5.883 sec / Speedup: 1.375 / Efficiency: 69% / LogL: -13413
Threads: 3 / Time: 5.112 sec / Speedup: 1.582 / Efficiency: 53% / LogL: -13413
Threads: 4 / Time: 4.841 sec / Speedup: 1.671 / Efficiency: 42% / LogL: -13413
Determining AUTO threadcount: done in 23.9257 secs using 231.9% CPU
BEST NUMBER OF THREADS: 3

Perform fast likelihood tree search using GTR+I+G model...
Estimate model parameters (epsilon = 5.000)
Perform nearest neighbor interchange...
Optimizing NNI: done in 0.114646 secs using 298.3% CPU
Estimate model parameters (epsilon = 1.000)
1. Initial log-likelihood: -10670.338
Optimal log-likelihood: -10669.643
Rate parameters:  A-C: 0.51867  A-G: 1.51891  A-T: 1.95186  C-G: 0.37431  C-T: 2.40496  G-T: 1.00000
Base frequencies:  A: 0.325  C: 0.178  G: 0.188  T: 0.309
Proportion of invariable sites: 0.186
Gamma shape alpha: 0.795
Parameters optimization took 1 rounds (0.051 sec)
Time for fast ML tree search: 0.419 seconds

NOTE: ModelFinder requires 17 MB RAM!
ModelFinder will test up to 484 DNA models (sample size: 1244) ...
 No. Model         -LnL         df  AIC          AICc         BIC
  1  GTR+F         11413.091    151 23128.183    23170.219    23902.222
  2  GTR+F+I       11008.172    152 22320.344    22362.977    23099.510
  3  GTR+F+G4      10671.217    152 21646.434    21689.066    22425.599
  4  GTR+F+I+G4    10668.479    153 21642.958    21686.191    22427.249
  5  GTR+F+R2      10740.609    153 21787.218    21830.451    22571.510
  6  GTR+F+R3      10681.694    155 21673.388    21717.836    22467.931
  7  GTR+F+R4      10664.701    157 21643.403    21689.086    22448.198
  8  GTR+F+R5      10655.182    159 21628.365    21675.302    22443.413
  9  GTR+F+R6      10655.009    161 21632.018    21680.229    22457.318
 14  GTR+F+I+R2    10686.732    154 21681.465    21725.303    22470.882
 15  GTR+F+I+R3    10666.306    156 21644.613    21689.676    22444.282
 16  GTR+F+I+R4    10658.225    158 21632.449    21678.757    22442.371
 17  GTR+F+I+R5    10656.988    160 21633.976    21681.548    22454.150
 25  SYM+G4        10771.862    149 21841.724    21882.583    22605.511
 26  SYM+I+G4      10767.203    150 21834.406    21875.851    22603.319
 47  TVM+F+G4      10681.150    151 21664.299    21706.336    22438.338
 48  TVM+F+I+G4    10678.669    152 21661.337    21703.970    22440.502
 69  TVMe+G4       10777.298    148 21850.597    21890.874    22609.258
 70  TVMe+I+G4     10772.739    149 21843.478    21884.338    22607.265
 91  TIM3+F+G4     10693.327    150 21686.654    21728.100    22455.567
 92  TIM3+F+I+G4   10691.456    151 21684.911    21726.948    22458.951
113  TIM3e+G4      10862.468    147 22018.936    22058.636    22772.471
114  TIM3e+I+G4    10859.379    148 22014.758    22055.036    22773.419
135  TIM2+F+G4     10731.674    150 21763.348    21804.794    22532.261
136  TIM2+F+I+G4   10729.618    151 21761.236    21803.273    22535.275
157  TIM2e+G4      10919.916    147 22133.833    22173.534    22887.368
158  TIM2e+I+G4    10918.775    148 22133.551    22173.829    22892.212
179  TIM+F+G4      10721.019    150 21742.037    21783.483    22510.950
180  TIM+F+I+G4    10719.089    151 21740.178    21782.214    22514.217
201  TIMe+G4       10919.103    147 22132.206    22171.907    22885.741
202  TIMe+I+G4     10918.071    148 22132.143    22172.420    22890.804
223  TPM3u+F+G4    10704.483    149 21706.965    21747.825    22470.752
224  TPM3u+F+I+G4  10702.637    150 21705.273    21746.719    22474.186
245  TPM3+G4       10873.257    146 22038.514    22077.643    22786.923
246  TPM3+I+G4     10870.219    147 22034.439    22074.140    22787.974
267  TPM2u+F+G4    10739.574    149 21777.149    21818.008    22540.936
268  TPM2u+F+I+G4  10738.468    150 21776.935    21818.381    22545.848
289  TPM2+G4       10921.075    146 22134.150    22173.278    22882.558
290  TPM2+I+G4     10919.869    147 22133.739    22173.439    22887.273
311  K3Pu+F+G4     10729.198    149 21756.397    21797.256    22520.184
312  K3Pu+F+I+G4   10728.136    150 21756.272    21797.718    22525.185
333  K3P+G4        10922.628    146 22137.256    22176.385    22885.665
334  K3P+I+G4      10921.633    147 22137.267    22176.968    22890.802
355  TN+F+G4       10752.613    149 21803.225    21844.085    22567.012
356  TN+F+I+G4     10750.852    150 21801.703    21843.149    22570.617
377  TNe+G4        10999.985    146 22291.970    22331.099    23040.379
378  TNe+I+G4      10999.915    147 22293.830    22333.531    23047.365
399  HKY+F+G4      10761.343    148 21818.686    21858.963    22577.347
400  HKY+F+I+G4    10760.568    149 21819.137    21859.996    22582.924
421  K2P+G4        11003.795    145 22297.590    22336.151    23040.873
422  K2P+I+G4      11003.707    146 22299.413    22338.542    23047.822
443  F81+F+G4      10794.962    147 21883.924    21923.625    22637.459
444  F81+F+I+G4    10794.587    148 21885.174    21925.451    22643.834
465  JC+G4         11015.655    144 22319.311    22357.309    23057.467
466  JC+I+G4       11015.643    145 22321.287    22359.848    23064.569
Akaike Information Criterion:           GTR+F+R5
Corrected Akaike Information Criterion: GTR+F+R5
Bayesian Information Criterion:         GTR+F+G4
Best-fit model: GTR+F+G4 chosen according to BIC

All model information printed to Mojave2020.Glomero.muscle.fasaln.clipkit.model.gz
CPU time for ModelFinder: 109.576 seconds (0h:1m:49s)
Wall-clock time for ModelFinder: 42.083 seconds (0h:0m:42s)
Generating 1000 samples for ultrafast bootstrap (seed: 93713)...

NOTE: 8 MB RAM (0 GB) is required!
Estimate model parameters (epsilon = 0.100)
1. Initial log-likelihood: -10671.217
Optimal log-likelihood: -10671.189
Rate parameters:  A-C: 0.53238  A-G: 1.51369  A-T: 1.91146  C-G: 0.37785  C-T: 2.38162  G-T: 1.00000
Base frequencies:  A: 0.325  C: 0.178  G: 0.188  T: 0.309
Gamma shape alpha: 0.495
Parameters optimization took 1 rounds (0.020 sec)
Wrote distance file to... 
Computing ML distances based on estimated model parameters...
Calculating distance matrix: done in 0.0087409 secs using 299.6% CPU
Computing ML distances took 0.008888 sec (of wall-clock time) 0.026523 sec (of CPU time)
Setting up auxiliary I and S matrices: done in 0.000112057 secs using 327.5% CPU
Constructing RapidNJ tree: done in 0.00124311 secs using 290.6% CPU
Computing RapidNJ tree took 0.001422 sec (of wall-clock time) 0.004490 sec (of CPU time)
Log-likelihood of RapidNJ tree: -10886.170
--------------------------------------------------------------------
|             INITIALIZING CANDIDATE TREE SET                      |
--------------------------------------------------------------------
Generating 98 parsimony trees... 1.009 second
Computing log-likelihood of 98 initial trees ... 0.765 seconds
Current best score: -10671.189

Do NNI search on 20 best initial trees
Optimizing NNI: done in 0.081398 secs using 296.6% CPU
Estimate model parameters (epsilon = 0.100)
BETTER TREE FOUND at iteration 1: -10670.226
Optimizing NNI: done in 0.198699 secs using 291.4% CPU
Optimizing NNI: done in 0.246524 secs using 292.5% CPU
Estimate model parameters (epsilon = 0.100)
BETTER TREE FOUND at iteration 3: -10667.113
Optimizing NNI: done in 0.294204 secs using 293.3% CPU
Optimizing NNI: done in 0.307144 secs using 291.1% CPU
Optimizing NNI: done in 0.236837 secs using 296.2% CPU
Optimizing NNI: done in 0.274245 secs using 292.3% CPU
Optimizing NNI: done in 0.216749 secs using 295.2% CPU
Optimizing NNI: done in 0.294852 secs using 292.8% CPU
Optimizing NNI: done in 0.313858 secs using 294.7% CPU
Iteration 10 / LogL: -10678.458 / Time: 0h:0m:4s
Optimizing NNI: done in 0.280643 secs using 294.3% CPU
Estimate model parameters (epsilon = 0.100)
BETTER TREE FOUND at iteration 11: -10666.092
Optimizing NNI: done in 0.350946 secs using 292.1% CPU
Optimizing NNI: done in 0.286197 secs using 296.8% CPU
Optimizing NNI: done in 0.285724 secs using 294.3% CPU
Optimizing NNI: done in 0.259584 secs using 296.9% CPU
Optimizing NNI: done in 0.319882 secs using 293.3% CPU
Optimizing NNI: done in 0.308705 secs using 294.4% CPU
Estimate model parameters (epsilon = 0.100)
BETTER TREE FOUND at iteration 17: -10663.076
Optimizing NNI: done in 0.275907 secs using 291.1% CPU
Optimizing NNI: done in 0.245014 secs using 294% CPU
Optimizing NNI: done in 0.265789 secs using 294.7% CPU
Iteration 20 / LogL: -10668.410 / Time: 0h:0m:7s
Finish initializing candidate tree set (20)
Current best tree score: -10663.076 / CPU time: 7.260
Number of iterations: 20
--------------------------------------------------------------------
|               OPTIMIZING CANDIDATE TREE SET                      |
--------------------------------------------------------------------
Optimizing NNI: done in 0.236758 secs using 293.6% CPU
Optimizing NNI: done in 0.237132 secs using 296.4% CPU
Optimizing NNI: done in 0.415516 secs using 295.2% CPU
Optimizing NNI: done in 0.316432 secs using 297.2% CPU
Estimate model parameters (epsilon = 0.100)
BETTER TREE FOUND at iteration 24: -10657.668
Optimizing NNI: done in 0.392503 secs using 295.5% CPU
Optimizing NNI: done in 0.288592 secs using 296.1% CPU
Optimizing NNI: done in 0.240006 secs using 296.8% CPU
Optimizing NNI: done in 0.370908 secs using 295.9% CPU
Optimizing NNI: done in 0.360011 secs using 295.5% CPU
Optimizing NNI: done in 0.311498 secs using 295.9% CPU
Iteration 30 / LogL: -10663.692 / Time: 0h:0m:10s (0h:0m:34s left)
Optimizing NNI: done in 0.231549 secs using 295.8% CPU
Optimizing NNI: done in 0.370802 secs using 295.4% CPU
Estimate model parameters (epsilon = 0.100)
BETTER TREE FOUND at iteration 32: -10656.751
Optimizing NNI: done in 0.264845 secs using 297.8% CPU
Optimizing NNI: done in 0.24019 secs using 295.6% CPU
Optimizing NNI: done in 0.337443 secs using 293% CPU
Optimizing NNI: done in 0.273112 secs using 296.6% CPU
Optimizing NNI: done in 0.314278 secs using 296.3% CPU
Optimizing NNI: done in 0.264002 secs using 295.9% CPU
Optimizing NNI: done in 0.397475 secs using 293.8% CPU
Optimizing NNI: done in 0.238759 secs using 297.1% CPU
Iteration 40 / LogL: -10663.754 / Time: 0h:0m:13s (0h:0m:32s left)
Optimizing NNI: done in 0.298495 secs using 292.2% CPU
Optimizing NNI: done in 0.348394 secs using 295.4% CPU
Optimizing NNI: done in 0.298548 secs using 294.9% CPU
BETTER TREE FOUND at iteration 43: -10656.749
Optimizing NNI: done in 0.286407 secs using 294% CPU
Optimizing NNI: done in 0.338755 secs using 294.9% CPU
Optimizing NNI: done in 0.257937 secs using 291.2% CPU
Optimizing NNI: done in 0.306323 secs using 298.5% CPU
Optimizing NNI: done in 0.361729 secs using 294.7% CPU
Optimizing NNI: done in 0.269056 secs using 292% CPU
Optimizing NNI: done in 0.252772 secs using 297% CPU
Iteration 50 / LogL: -10663.952 / Time: 0h:0m:16s (0h:0m:32s left)
Log-likelihood cutoff on original alignment: -10698.156
Optimizing NNI: done in 0.313234 secs using 293.4% CPU
Optimizing NNI: done in 0.258751 secs using 293.9% CPU
Optimizing NNI: done in 0.291062 secs using 295.2% CPU
Optimizing NNI: done in 0.33099 secs using 295.5% CPU
Optimizing NNI: done in 0.269958 secs using 295.6% CPU
Optimizing NNI: done in 0.225632 secs using 298.8% CPU
Optimizing NNI: done in 0.310712 secs using 293.7% CPU
Optimizing NNI: done in 0.310225 secs using 294.6% CPU
Optimizing NNI: done in 0.247525 secs using 293.6% CPU
Optimizing NNI: done in 0.26928 secs using 294.9% CPU
Iteration 60 / LogL: -10663.540 / Time: 0h:0m:20s (0h:0m:28s left)
Optimizing NNI: done in 0.308635 secs using 296.1% CPU
Optimizing NNI: done in 0.256811 secs using 295.3% CPU
Optimizing NNI: done in 0.389068 secs using 295.5% CPU
Optimizing NNI: done in 0.293444 secs using 294.1% CPU
Optimizing NNI: done in 0.291039 secs using 295.7% CPU
Optimizing NNI: done in 0.345877 secs using 293.7% CPU
Optimizing NNI: done in 0.332441 secs using 298.6% CPU
Optimizing NNI: done in 0.296113 secs using 295.5% CPU
Estimate model parameters (epsilon = 0.100)
BETTER TREE FOUND at iteration 68: -10656.433
Optimizing NNI: done in 0.26511 secs using 292% CPU
Optimizing NNI: done in 0.280881 secs using 290.3% CPU
Iteration 70 / LogL: -10658.379 / Time: 0h:0m:23s (0h:0m:32s left)
Optimizing NNI: done in 0.269172 secs using 296.6% CPU
Optimizing NNI: done in 0.294556 secs using 294.4% CPU
Optimizing NNI: done in 0.286857 secs using 295.4% CPU
Optimizing NNI: done in 0.301704 secs using 296.6% CPU
Optimizing NNI: done in 0.384508 secs using 296.3% CPU
Optimizing NNI: done in 0.266357 secs using 295.4% CPU
Optimizing NNI: done in 0.27839 secs using 292% CPU
Optimizing NNI: done in 0.283393 secs using 294.6% CPU
Optimizing NNI: done in 0.339546 secs using 295.4% CPU
Optimizing NNI: done in 0.30608 secs using 293.6% CPU
Iteration 80 / LogL: -10657.619 / Time: 0h:0m:26s (0h:0m:29s left)
Optimizing NNI: done in 0.31017 secs using 294.2% CPU
Optimizing NNI: done in 0.316428 secs using 292.6% CPU
Optimizing NNI: done in 0.307352 secs using 295.9% CPU
Optimizing NNI: done in 0.289959 secs using 294.7% CPU
Optimizing NNI: done in 0.31581 secs using 296.3% CPU
Optimizing NNI: done in 0.234959 secs using 292.4% CPU
Optimizing NNI: done in 0.331207 secs using 295.1% CPU
Optimizing NNI: done in 0.275012 secs using 295.3% CPU
Optimizing NNI: done in 0.30695 secs using 296.9% CPU
Optimizing NNI: done in 0.324666 secs using 292.7% CPU
Estimate model parameters (epsilon = 0.100)
BETTER TREE FOUND at iteration 90: -10656.412
Iteration 90 / LogL: -10656.412 / Time: 0h:0m:29s (0h:0m:33s left)
Optimizing NNI: done in 0.249606 secs using 294.8% CPU
Optimizing NNI: done in 0.286232 secs using 295% CPU
Optimizing NNI: done in 0.24221 secs using 294.5% CPU
Optimizing NNI: done in 0.34282 secs using 294.9% CPU
Optimizing NNI: done in 0.363024 secs using 295.3% CPU
Estimate model parameters (epsilon = 0.100)
BETTER TREE FOUND at iteration 95: -10656.238
Optimizing NNI: done in 0.324913 secs using 296.1% CPU
Optimizing NNI: done in 0.315894 secs using 294.7% CPU
Optimizing NNI: done in 0.34293 secs using 293.1% CPU
Optimizing NNI: done in 0.245741 secs using 296% CPU
Optimizing NNI: done in 0.274831 secs using 293.8% CPU
Iteration 100 / LogL: -10657.508 / Time: 0h:0m:32s (0h:0m:31s left)
Log-likelihood cutoff on original alignment: -10698.156
NOTE: Bootstrap correlation coefficient of split occurrence frequencies: 0.994
Optimizing NNI: done in 0.238683 secs using 296.2% CPU
Optimizing NNI: done in 0.328434 secs using 294.6% CPU
Optimizing NNI: done in 0.331163 secs using 295.3% CPU
Optimizing NNI: done in 0.254962 secs using 296.4% CPU
Optimizing NNI: done in 0.302053 secs using 289.8% CPU
BETTER TREE FOUND at iteration 105: -10656.238
Optimizing NNI: done in 0.280749 secs using 295.7% CPU
Optimizing NNI: done in 0.376965 secs using 297.1% CPU
Optimizing NNI: done in 0.394334 secs using 295.1% CPU
Optimizing NNI: done in 0.23876 secs using 297.6% CPU
Optimizing NNI: done in 0.280234 secs using 292.8% CPU
Iteration 110 / LogL: -10656.238 / Time: 0h:0m:35s (0h:0m:31s left)
Optimizing NNI: done in 0.259418 secs using 293.5% CPU
Optimizing NNI: done in 0.316235 secs using 296.7% CPU
Optimizing NNI: done in 0.278429 secs using 295.5% CPU
Optimizing NNI: done in 0.273557 secs using 297.9% CPU
Optimizing NNI: done in 0.331968 secs using 297.1% CPU
Optimizing NNI: done in 0.272783 secs using 295.6% CPU
Optimizing NNI: done in 0.273775 secs using 295.5% CPU
Optimizing NNI: done in 0.30251 secs using 295.6% CPU
Optimizing NNI: done in 0.312052 secs using 291.8% CPU
Optimizing NNI: done in 0.279813 secs using 293.4% CPU
Iteration 120 / LogL: -10657.829 / Time: 0h:0m:38s (0h:0m:27s left)
Optimizing NNI: done in 0.199303 secs using 298.2% CPU
Optimizing NNI: done in 0.279735 secs using 293.4% CPU
Optimizing NNI: done in 0.271493 secs using 295.1% CPU
Optimizing NNI: done in 0.325901 secs using 293.9% CPU
Optimizing NNI: done in 0.317744 secs using 291.8% CPU
Optimizing NNI: done in 0.313507 secs using 296.1% CPU
Optimizing NNI: done in 0.322532 secs using 294.7% CPU
Optimizing NNI: done in 0.297149 secs using 296% CPU
Optimizing NNI: done in 0.249543 secs using 294.5% CPU
Optimizing NNI: done in 0.22373 secs using 297% CPU
Iteration 130 / LogL: -10667.989 / Time: 0h:0m:41s (0h:0m:24s left)
Optimizing NNI: done in 0.338774 secs using 293.7% CPU
Optimizing NNI: done in 0.31895 secs using 293.9% CPU
Optimizing NNI: done in 0.264024 secs using 294.1% CPU
Optimizing NNI: done in 0.304802 secs using 296.5% CPU
Optimizing NNI: done in 0.253242 secs using 296.8% CPU
Optimizing NNI: done in 0.25574 secs using 296.9% CPU
Optimizing NNI: done in 0.305499 secs using 293.4% CPU
Optimizing NNI: done in 0.262722 secs using 296.6% CPU
Optimizing NNI: done in 0.267999 secs using 294.7% CPU
Optimizing NNI: done in 0.285728 secs using 295.1% CPU
Iteration 140 / LogL: -10657.508 / Time: 0h:0m:44s (0h:0m:20s left)
Optimizing NNI: done in 0.26799 secs using 292.1% CPU
UPDATE BEST LOG-LIKELIHOOD: -10656.238
Optimizing NNI: done in 0.275132 secs using 297.5% CPU
Optimizing NNI: done in 0.30703 secs using 295% CPU
Optimizing NNI: done in 0.26771 secs using 294.7% CPU
Optimizing NNI: done in 0.266207 secs using 292.2% CPU
Optimizing NNI: done in 0.344296 secs using 293.1% CPU
Optimizing NNI: done in 0.255492 secs using 296% CPU
Optimizing NNI: done in 0.276563 secs using 292.7% CPU
Optimizing NNI: done in 0.34622 secs using 297.3% CPU
Optimizing NNI: done in 0.331704 secs using 294.6% CPU
Iteration 150 / LogL: -10677.208 / Time: 0h:0m:47s (0h:0m:17s left)
Log-likelihood cutoff on original alignment: -10697.757
Optimizing NNI: done in 0.283051 secs using 295.1% CPU
Optimizing NNI: done in 0.249641 secs using 293.8% CPU
Optimizing NNI: done in 0.278997 secs using 296.5% CPU
Optimizing NNI: done in 0.28703 secs using 295.8% CPU
Optimizing NNI: done in 0.237003 secs using 296.2% CPU
Optimizing NNI: done in 0.259938 secs using 296.7% CPU
Optimizing NNI: done in 0.302067 secs using 294.6% CPU
Optimizing NNI: done in 0.298065 secs using 294.9% CPU
Optimizing NNI: done in 0.255752 secs using 296.2% CPU
Optimizing NNI: done in 0.240056 secs using 293.6% CPU
Iteration 160 / LogL: -10658.494 / Time: 0h:0m:50s (0h:0m:14s left)
Optimizing NNI: done in 0.258698 secs using 296.2% CPU
Optimizing NNI: done in 0.319614 secs using 293% CPU
Optimizing NNI: done in 0.350112 secs using 297.2% CPU
Optimizing NNI: done in 0.34525 secs using 296.3% CPU
Optimizing NNI: done in 0.278211 secs using 294% CPU
Optimizing NNI: done in 0.333361 secs using 295.8% CPU
Optimizing NNI: done in 0.303169 secs using 293.7% CPU
Optimizing NNI: done in 0.290842 secs using 296.8% CPU
Optimizing NNI: done in 0.29286 secs using 296.5% CPU
Optimizing NNI: done in 0.308204 secs using 294.6% CPU
Iteration 170 / LogL: -10656.979 / Time: 0h:0m:54s (0h:0m:11s left)
Optimizing NNI: done in 0.262763 secs using 296.3% CPU
Optimizing NNI: done in 0.319479 secs using 295.5% CPU
Optimizing NNI: done in 0.221374 secs using 295.2% CPU
Optimizing NNI: done in 0.307765 secs using 295.6% CPU
Optimizing NNI: done in 0.279842 secs using 295.2% CPU
Optimizing NNI: done in 0.263915 secs using 297.9% CPU
Optimizing NNI: done in 0.324853 secs using 295.7% CPU
Optimizing NNI: done in 0.240111 secs using 294.7% CPU
Optimizing NNI: done in 0.308374 secs using 294.4% CPU
Optimizing NNI: done in 0.268382 secs using 295.5% CPU
Iteration 180 / LogL: -10656.240 / Time: 0h:0m:57s (0h:0m:7s left)
Optimizing NNI: done in 0.30853 secs using 295.6% CPU
Optimizing NNI: done in 0.335066 secs using 292.1% CPU
Optimizing NNI: done in 0.302611 secs using 296.7% CPU
Optimizing NNI: done in 0.24924 secs using 293% CPU
Optimizing NNI: done in 0.331761 secs using 296.2% CPU
Optimizing NNI: done in 0.250209 secs using 295.7% CPU
Optimizing NNI: done in 0.314996 secs using 296% CPU
Optimizing NNI: done in 0.270947 secs using 295.2% CPU
Optimizing NNI: done in 0.318267 secs using 291.3% CPU
Optimizing NNI: done in 0.299809 secs using 295.9% CPU
Iteration 190 / LogL: -10656.238 / Time: 0h:1m:0s (0h:0m:4s left)
Optimizing NNI: done in 0.30901 secs using 295.3% CPU
Optimizing NNI: done in 0.309709 secs using 293% CPU
Optimizing NNI: done in 0.368411 secs using 296.7% CPU
Optimizing NNI: done in 0.376977 secs using 293.7% CPU
Optimizing NNI: done in 0.285796 secs using 297.1% CPU
Optimizing NNI: done in 0.239285 secs using 297.6% CPU
Optimizing NNI: done in 0.29112 secs using 295.5% CPU
Optimizing NNI: done in 0.28856 secs using 293.7% CPU
Optimizing NNI: done in 0.265096 secs using 294% CPU
Optimizing NNI: done in 0.268821 secs using 295.5% CPU
Iteration 200 / LogL: -10657.139 / Time: 0h:1m:3s (0h:0m:1s left)
Log-likelihood cutoff on original alignment: -10697.757
NOTE: Bootstrap correlation coefficient of split occurrence frequencies: 0.999
Optimizing NNI: done in 0.196847 secs using 295.8% CPU
Optimizing NNI: done in 0.263277 secs using 294.7% CPU
Optimizing NNI: done in 0.285922 secs using 297.8% CPU
Optimizing NNI: done in 0.25289 secs using 294.9% CPU
Optimizing NNI: done in 0.327599 secs using 295.2% CPU
Optimizing NNI: done in 0.316129 secs using 293.6% CPU
TREE SEARCH COMPLETED AFTER 206 ITERATIONS / Time: 0h:1m:5s

--------------------------------------------------------------------
|                    FINALIZING TREE SEARCH                        |
--------------------------------------------------------------------
Performs final model parameters optimization
Estimate model parameters (epsilon = 0.010)
1. Initial log-likelihood: -10656.238
Optimal log-likelihood: -10656.237
Rate parameters:  A-C: 0.55143  A-G: 1.47294  A-T: 1.92246  C-G: 0.36571  C-T: 2.40704  G-T: 1.00000
Base frequencies:  A: 0.325  C: 0.178  G: 0.188  T: 0.309
Gamma shape alpha: 0.507
Parameters optimization took 1 rounds (0.020 sec)
BEST SCORE FOUND : -10656.237

Testing tree branches by SH-like aLRT with 1000 replicates...
0.483 sec.
Creating bootstrap support values...
Split supports printed to NEXUS file Mojave2020.Glomero.muscle.fasaln.clipkit.splits.nex
Total tree length: 12.659

Total number of iterations: 206
CPU time used for tree search: 189.767 sec (0h:3m:9s)
Wall-clock time used for tree search: 64.987 sec (0h:1m:4s)
Total CPU time used: 192.586 sec (0h:3m:12s)
Total wall-clock time used: 65.965 sec (0h:1m:5s)

Computing bootstrap consensus tree...
Reading input file Mojave2020.Glomero.muscle.fasaln.clipkit.splits.nex...
73 taxa and 812 splits.
Consensus tree written to Mojave2020.Glomero.muscle.fasaln.clipkit.contree
Reading input trees file Mojave2020.Glomero.muscle.fasaln.clipkit.contree
Log-likelihood of consensus tree: -10656.762

Analysis results written to: 
  IQ-TREE report:                Mojave2020.Glomero.muscle.fasaln.clipkit.iqtree
  Maximum-likelihood tree:       Mojave2020.Glomero.muscle.fasaln.clipkit.treefile
  Likelihood distances:          Mojave2020.Glomero.muscle.fasaln.clipkit.mldist

Ultrafast bootstrap approximation results written to:
  Split support values:          Mojave2020.Glomero.muscle.fasaln.clipkit.splits.nex
  Consensus tree:                Mojave2020.Glomero.muscle.fasaln.clipkit.contree
  Screen log file:               Mojave2020.Glomero.muscle.fasaln.clipkit.log

Date and Time: Mon Nov 13 16:46:05 2023
