IQ-TREE multicore version 2.2.2.6 COVID-edition for Linux 64-bit built May 27 2023
Developed by Bui Quang Minh, James Barbetti, Nguyen Lam Tung,
Olga Chernomor, Heiko Schmidt, Dominik Schrempf, Michael Woodhams, Ly Trong Nhan.

Host:    i04 (AVX2, FMA3, 503 GB RAM)
Command: iqtree2 -nt AUTO -s Mojave2020.Exophiala.fasaln.clipkit -alrt 1000 -bb 1000 -m MFP
Seed:    85791 (Using SPRNG - Scalable Parallel Random Number Generator)
Time:    Thu Nov 16 00:16:53 2023
Kernel:  AVX+FMA - auto-detect threads (8 CPU cores detected)

Reading alignment file Mojave2020.Exophiala.fasaln.clipkit ... Fasta format detected
Reading fasta file: done in 0.00123215 secs using 73.69% CPU
NOTE: Change sequence name 'Mortierella globalpina CBS 360.70 ITS region; from TYPE material' -> Mortierella_globalpina
NOTE: Change sequence name 'Exophiala Nigra_(KHK9)' -> Exophiala_Nigra_(KHK9)
NOTE: Change sequence name 'Exophiala Nrusticola_(KHK47)' -> Exophiala_Nrusticola_(KHK47)
NOTE: Change sequence name 'Exophiala siamensis CMU 417 ITS region; from TYPE material' -> Exophiala_siamensis
NOTE: Change sequence name 'Exophiala saxicola CMU 415 ITS region; from TYPE material' -> Exophiala_saxicola
NOTE: Change sequence name 'Exophiala lapidea CMU 409 ITS region; from TYPE material' -> Exophiala_lapidea
NOTE: Change sequence name 'Exophiala lamphunensis CMU 404 ITS region; from TYPE material' -> Exophiala_lamphunensis
NOTE: Change sequence name 'Exophiala eucalyptigena CBS 148273 ITS region; from TYPE material' -> Exophiala_eucalyptigena
NOTE: Change sequence name 'Exophiala spartinae CBS 147266 ITS region; from TYPE material' -> Exophiala_spartinae
NOTE: Change sequence name 'Exophiala ellipsoidea CGMCC 3.17348 ITS region; from TYPE material' -> Exophiala_ellipsoidea
NOTE: Change sequence name 'Exophiala nagquensis CGMCC 3.17333 ITS region; from TYPE material' -> Exophiala_nagquensis
NOTE: Change sequence name 'Exophiala clavispora CGMCC 3.17517 ITS region; from TYPE material' -> Exophiala_clavispora
NOTE: Change sequence name 'Exophiala prostantherae CBS 146794 ITS region; from TYPE material' -> Exophiala_prostantherae
NOTE: Change sequence name 'Exophiala mali CBS 146791 ITS region; from TYPE material' -> Exophiala_mali
NOTE: Change sequence name 'Exophiala embothrii CBS 146558 ITS region; from TYPE material' -> Exophiala_embothrii
NOTE: Change sequence name 'Exophiala quercina CPC 33408 ITS region; from TYPE material' -> Exophiala_quercina
NOTE: Change sequence name 'Exophiala bergeri CBS 353.52 ITS region; from TYPE material' -> Exophiala_bergeri
NOTE: Change sequence name 'Exophiala lignicola ITS region; from TYPE material' -> Exophiala_lignicola
NOTE: Change sequence name 'Exophiala abietophila ITS region; from TYPE material' -> Exophiala_abietophila
NOTE: Change sequence name 'Exophiala nidicola FMR 3889 ITS region; from TYPE material' -> Exophiala_nidicola
NOTE: Change sequence name 'Exophiala tremulae CBS 129355 ITS region; from TYPE material' -> Exophiala_tremulae
NOTE: Change sequence name 'Exophiala crusticola CBS 119970 ITS region; from TYPE material' -> Exophiala_crusticola
NOTE: Change sequence name 'Exophiala hongkongensis HKU 32 ITS region; from TYPE material' -> Exophiala_hongkongensis
NOTE: Change sequence name 'Exophiala capensis CBS 128771 ITS region; from TYPE material' -> Exophiala_capensis
NOTE: Change sequence name 'Exophiala mesophila CBS 402.95 ITS region; from TYPE material' -> Exophiala_mesophila
NOTE: Change sequence name 'Exophiala castellanii CBS 158.58 ITS region; from TYPE material' -> Exophiala_castellanii
NOTE: Change sequence name 'Exophiala salmonis CBS 157.67 ITS region; from TYPE material' -> Exophiala_salmonis
NOTE: Change sequence name 'Exophiala pisciphila CBS 537.73 ITS region; from TYPE material' -> Exophiala_pisciphila
NOTE: Change sequence name 'Exophiala dermatitidis CBS 207.35 ITS region; from TYPE material' -> Exophiala_dermatitidis
NOTE: Change sequence name 'Exophiala lacus CBS 117497 ITS region; from TYPE material' -> Exophiala_lacus
NOTE: Change sequence name 'Exophiala halophila CBS 121512 ITS region; from TYPE material' -> Exophiala_halophila
NOTE: Change sequence name 'Exophiala equina CBS 119.23 ITS region; from TYPE material' -> Exophiala_equina
NOTE: Change sequence name 'Exophiala aquamarina CBS 119918 ITS region; from TYPE material' -> Exophiala_aquamarina
NOTE: Change sequence name 'Exophiala angulospora CBS 482.92 ITS region; from TYPE material' -> Exophiala_angulospora
NOTE: Change sequence name 'Exophiala alcalophila CBS 520.82 ITS region; from TYPE material' -> Exophiala_alcalophila
NOTE: Change sequence name 'Exophiala sideris CBS 121818 ITS region; from TYPE material' -> Exophiala_sideris
NOTE: Change sequence name 'Exophiala moniliae CBS 520.76 ITS region; from TYPE material' -> Exophiala_moniliae
NOTE: Change sequence name 'Exophiala asiatica CBS 122847 ITS region; from TYPE material' -> Exophiala_asiatica
NOTE: Change sequence name 'Exophiala xenobiotica CBS 118157 ITS region; from TYPE material' -> Exophiala_xenobiotica
NOTE: Change sequence name 'Exophiala heteromorpha CBS 232.33 ITS region; from TYPE material' -> Exophiala_heteromorpha
NOTE: Change sequence name 'Exophiala oligosperma CBS 725.88 ITS region; from TYPE material' -> Exophiala_oligosperma
NOTE: Change sequence name 'Exophiala spinifera CBS 899.68 ITS region; from TYPE material' -> Exophiala_spinifera
NOTE: Change sequence name 'NR_111130.1 Exophiala exophialae CBS 668.76 ITS region; from TYPE material' -> NR_111130.1_Exophiala
NOTE: Change sequence name 'Exophiala jeanselmei CBS 507.90 ITS region; from TYPE material' -> Exophiala_jeanselmei
NOTE: Change sequence name 'Exophiala eucalypticola ITS region; from TYPE material' -> Exophiala_eucalypticola
NOTE: Change sequence name 'Exophiala palmae UPCB 86822 ITS region; from TYPE material' -> Exophiala_palmae
NOTE: Change sequence name 'Exophiala radicis CBS 140402 ITS region; from TYPE material' -> Exophiala_radicis
NOTE: Change sequence name 'Exophiala nigra CBS 535.94 ITS region; from TYPE material' -> Exophiala_nigra
NOTE: Change sequence name 'Exophiala polymorpha CBS 138920 ITS region; from TYPE material' -> Exophiala_polymorpha
NOTE: Change sequence name 'Exophiala opportunistica CBS 109811 ITS region; from TYPE material' -> Exophiala_opportunistica
NOTE: Change sequence name 'Exophiala lecanii-corni CBS 123.33 ITS region; from TYPE material' -> Exophiala_lecanii-corni
NOTE: Change sequence name 'Exophiala bonariae CBS 139957 ITS region; from TYPE material' -> Exophiala_bonariae
NOTE: Change sequence name 'Exophiala nishimurae CBS 101538 ITS region; from TYPE material' -> Exophiala_nishimurae
NOTE: Change sequence name '[Exophiala] eucalyptorum CBS 121638 ITS region; from TYPE material' -> [Exophiala]_eucalyptorum
NOTE: Change sequence name 'Exophiala psychrophila CBS 191.87 ITS region; from TYPE material' -> Exophiala_psychrophila
NOTE: Change sequence name 'Exophiala cancerae CBS 120420 ITS region; from TYPE material' -> Exophiala_cancerae
Alignment most likely contains DNA/RNA sequences
Constructing alignment: done in 0.0025351 secs using 532.4% CPU
Alignment has 79 sequences with 921 columns, 591 distinct patterns
313 parsimony-informative, 234 singleton sites, 374 constant sites
WARNING: Some sequence names are changed as follows:
Exophiala_Nigra_(KHK9) -> Exophiala_Nigra__KHK9_
Exophiala_Nrusticola_(KHK47) -> Exophiala_Nrusticola__KHK47_
[Exophiala]_eucalyptorum -> _Exophiala__eucalyptorum

                              Gap/Ambiguity  Composition  p-value
Analyzing sequences: done in 4.60148e-05 secs using 97.79% CPU
   1  ASV237.3307                    73.29%    passed     82.96%
   2  ASV418.1989                    72.96%    passed     75.97%
   3  ASV459.150                     72.96%    passed     73.61%
   4  ASV2307.1807                   72.86%    passed     84.06%
   5  ASV2759.143                    72.96%    passed     81.57%
   6  ASV3022.26                     72.86%    passed     88.06%
   7  ASV11884.4                     74.59%    passed     68.73%
   8  ASV14055.2                     72.96%    passed     85.09%
   9  ASV16426.14                    72.96%    passed     83.15%
  10  ASV17684.25                    73.07%    passed     96.09%
  11  ASV18950.0                     72.96%    passed     75.56%
  12  ASV19090.18                    73.07%    passed     92.95%
  13  ASV24213.3                     74.59%    passed     59.67%
  14  ASV26055.0                     75.03%    passed     23.51%
  15  ASV26915.37                    72.86%    passed     75.65%
  16  ASV27487.4                     73.07%    passed     91.42%
  17  ASV27616.4                     72.86%    passed     99.47%
  18  ASV28786.3                     72.86%    passed     99.74%
  19  ASV29522.0                     72.86%    passed     60.92%
  20  ASV30148.23                    72.86%    passed     35.28%
  21  ASV30273.3                     73.51%    passed     80.00%
  22  ASV31174.1                     72.86%    passed     83.54%
  23  ASV31965.0                     72.96%    passed     75.80%
  24  Mortierella_globalpina         33.01%    failed      0.00%
  25  Exophiala_Nigra__KHK9_         41.26%    passed     84.53%
  26  Exophiala_Nrusticola__KHK47_   38.98%    passed     98.28%
  27  Exophiala_siamensis            32.57%    passed     90.51%
  28  Exophiala_saxicola             33.44%    passed     60.03%
  29  Exophiala_lapidea              33.01%    passed     72.12%
  30  Exophiala_lamphunensis         31.92%    passed     40.08%
  31  Exophiala_eucalyptigena        32.57%    passed     93.70%
  32  Exophiala_spartinae            24.65%    passed     17.85%
  33  Exophiala_ellipsoidea          49.84%    passed     43.79%
  34  Exophiala_nagquensis           48.86%    passed     43.90%
  35  Exophiala_clavispora           48.43%    passed     98.87%
  36  Exophiala_prostantherae        28.99%    passed     85.45%
  37  Exophiala_mali                 27.80%    passed     99.43%
  38  Exophiala_embothrii            40.39%    passed     86.30%
  39  Exophiala_quercina             31.49%    passed     91.86%
  40  Exophiala_bergeri              32.14%    passed     91.42%
  41  Exophiala_lignicola            34.64%    passed     75.97%
  42  Exophiala_abietophila          32.68%    passed     62.43%
  43  Exophiala_nidicola             37.35%    passed     77.41%
  44  Exophiala_tremulae             31.81%    passed     97.04%
  45  Exophiala_crusticola           40.28%    passed     89.53%
  46  Exophiala_hongkongensis        35.94%    passed     73.34%
  47  Exophiala_capensis             29.10%    passed     84.94%
  48  Exophiala_mesophila            29.42%    passed     69.99%
  49  Exophiala_castellanii          29.53%    passed     38.17%
  50  Exophiala_salmonis             23.56%    passed     87.50%
  51  Exophiala_pisciphila           29.10%    passed     76.86%
  52  Exophiala_dermatitidis         27.04%    passed     72.82%
  53  Exophiala_lacus                39.74%    passed     86.74%
  54  Exophiala_halophila            37.57%    passed     24.42%
  55  Exophiala_equina               39.74%    passed     92.78%
  56  Exophiala_aquamarina           39.20%    passed     96.36%
  57  Exophiala_angulospora          40.72%    passed     75.94%
  58  Exophiala_alcalophila          38.55%    passed     53.09%
  59  Exophiala_sideris              40.17%    passed     99.44%
  60  Exophiala_moniliae             38.22%    passed     97.80%
  61  Exophiala_asiatica             37.24%    passed     64.47%
  62  Exophiala_xenobiotica          41.80%    passed     52.10%
  63  Exophiala_heteromorpha         38.55%    passed     61.87%
  64  Exophiala_oligosperma          39.52%    passed     98.97%
  65  Exophiala_spinifera            41.48%    passed     78.47%
  66  NR_111130.1_Exophiala          41.59%    passed     81.20%
  67  Exophiala_jeanselmei           34.53%    passed     99.89%
  68  Exophiala_eucalypticola        30.18%    passed     85.95%
  69  Exophiala_palmae               44.41%    passed     78.90%
  70  Exophiala_radicis              36.48%    passed     93.25%
  71  Exophiala_nigra                37.24%    passed     94.40%
  72  Exophiala_polymorpha           25.08%    passed     99.39%
  73  Exophiala_opportunistica       38.44%    passed     95.72%
  74  Exophiala_lecanii-corni        37.57%    passed     79.18%
  75  Exophiala_bonariae             36.81%    passed     88.64%
  76  Exophiala_nishimurae           35.83%    passed     67.10%
  77  _Exophiala__eucalyptorum       43.65%    passed     61.85%
  78  Exophiala_psychrophila         39.74%    passed     87.33%
  79  Exophiala_cancerae             32.25%    passed     85.03%
WARNING: 23 sequences contain more than 50% gaps/ambiguity
****  TOTAL                          46.83%  1 sequences failed composition chi2 test (p-value<5%; df=3)
Checking for duplicate sequences: done in 0.00041604 secs using 424.2% CPU


Create initial parsimony tree by phylogenetic likelihood library (PLL)... 0.016 seconds
Measuring multi-threading efficiency up to 8 CPU cores
Increase to 10 rounds for branch lengths
86 trees examined
Threads: 1 / Time: 8.036 sec / Speedup: 1.000 / Efficiency: 100% / LogL: -16889
Threads: 2 / Time: 5.553 sec / Speedup: 1.447 / Efficiency: 72% / LogL: -16889
Threads: 3 / Time: 4.901 sec / Speedup: 1.640 / Efficiency: 55% / LogL: -16889
Threads: 4 / Time: 4.682 sec / Speedup: 1.716 / Efficiency: 43% / LogL: -16889
Determining AUTO threadcount: done in 23.1731 secs using 231% CPU
BEST NUMBER OF THREADS: 3

Perform fast likelihood tree search using GTR+I+G model...
Estimate model parameters (epsilon = 5.000)
Perform nearest neighbor interchange...
Optimizing NNI: done in 0.178321 secs using 298.5% CPU
Estimate model parameters (epsilon = 1.000)
1. Initial log-likelihood: -10300.394
Optimal log-likelihood: -10300.048
Rate parameters:  A-C: 2.13932  A-G: 3.27089  A-T: 2.23161  C-G: 0.99714  C-T: 6.48883  G-T: 1.00000
Base frequencies:  A: 0.235  C: 0.283  G: 0.240  T: 0.243
Proportion of invariable sites: 0.184
Gamma shape alpha: 0.568
Parameters optimization took 1 rounds (0.040 sec)
Time for fast ML tree search: 0.413 seconds

NOTE: ModelFinder requires 17 MB RAM!
ModelFinder will test up to 484 DNA models (sample size: 921) ...
 No. Model         -LnL         df  AIC          AICc         BIC
  1  GTR+F         11414.061    163 23154.121    23224.747    23940.671
  2  GTR+F+I       10808.717    164 21945.434    22017.021    22736.809
  3  GTR+F+G4      10298.007    164 20924.013    20995.601    21715.389
  4  GTR+F+I+G4    10299.734    165 20929.468    21002.025    21725.669
  5  GTR+F+R2      10405.368    165 21140.736    21213.292    21936.937
  6  GTR+F+R3      10323.029    167 20980.058    21054.576    21785.910
  7  GTR+F+R4      10299.520    169 20937.041    21013.552    21752.544
  8  GTR+F+R5      10288.247    171 20918.493    20997.030    21743.647
  9  GTR+F+R6      10282.141    173 20910.281    20990.876    21745.086
 14  GTR+F+I+R2    10318.706    166 20969.411    21042.945    21770.438
 15  GTR+F+I+R3    10287.564    168 20911.128    20986.639    21721.806
 16  GTR+F+I+R4    10283.277    170 20906.555    20984.075    21726.883
 25  SYM+G4        10296.432    161 20914.864    20983.591    21691.763
 37  SYM+I+R3      10288.691    165 20907.382    20979.939    21703.583
 47  TVM+F+G4      10326.867    163 20979.733    21050.359    21766.283
 59  TVM+F+I+R3    10316.389    167 20966.779    21041.297    21772.631
 69  TVMe+G4       10338.510    160 20997.019    21064.808    21769.093
 81  TVMe+I+R3     10329.476    164 20986.952    21058.539    21778.327
 91  TIM3+F+G4     10332.927    162 20989.854    21059.527    21771.579
103  TIM3+F+I+R3   10323.494    166 20978.988    21052.521    21780.014
113  TIM3e+G4      10330.584    159 20979.168    21046.028    21746.417
125  TIM3e+I+R3    10323.288    163 20972.577    21043.203    21759.127
135  TIM2+F+G4     10298.045    162 20920.089    20989.762    21701.814
147  TIM2+F+I+R3   10287.654    166 20907.309    20980.842    21708.335
157  TIM2e+G4      10297.840    159 20913.679    20980.539    21680.928
169  TIM2e+I+R3    10289.401    163 20904.802    20975.428    21691.352
179  TIM+F+G4      10332.918    162 20989.837    21059.510    21771.561
191  TIM+F+I+R3    10323.494    166 20978.988    21052.522    21780.015
201  TIMe+G4       10331.937    159 20981.875    21048.734    21749.123
213  TIMe+I+R3     10324.002    163 20974.003    21044.630    21760.553
223  TPM3u+F+G4    10359.623    161 21041.247    21109.974    21818.146
235  TPM3u+F+I+R3  10351.744    165 21033.488    21106.044    21829.688
245  TPM3+G4       10369.984    158 21055.968    21121.905    21818.391
257  TPM3+I+R3     10363.052    162 21050.104    21119.777    21831.829
267  TPM2u+F+G4    10326.965    161 20975.930    21044.657    21752.829
279  TPM2u+F+I+R3  10316.401    165 20962.803    21035.359    21759.004
289  TPM2+G4       10340.078    158 20996.155    21062.092    21758.578
301  TPM2+I+R3     10330.496    162 20984.991    21054.664    21766.716
311  K3Pu+F+G4     10359.677    161 21041.355    21110.082    21818.254
323  K3Pu+F+I+R3   10351.699    165 21033.398    21105.954    21829.599
333  K3P+G4        10371.449    158 21058.897    21124.834    21821.320
345  K3P+I+R3      10364.233    162 21052.465    21122.138    21834.190
355  TN+F+G4       10332.979    161 20987.957    21056.685    21764.856
367  TN+F+I+R3     10323.527    165 20977.055    21049.611    21773.256
377  TNe+G4        10332.059    158 20980.119    21046.056    21742.541
389  TNe+I+R3      10324.081    162 20972.162    21041.835    21753.887
399  HKY+F+G4      10359.707    160 21039.414    21107.204    21811.488
411  HKY+F+I+R3    10351.723    164 21031.446    21103.033    21822.821
421  K2P+G4        10371.536    157 21057.072    21122.094    21814.669
433  K2P+I+R3      10364.306    161 21050.613    21119.340    21827.512
443  F81+F+G4      10589.284    159 21496.569    21563.428    22263.817
455  F81+F+I+R3    10579.670    163 21485.340    21555.966    22271.890
465  JC+G4         10609.414    156 21530.828    21594.944    22283.600
477  JC+I+R3       10599.754    160 21519.508    21587.298    22291.582
Akaike Information Criterion:           TIM2e+I+R3
Corrected Akaike Information Criterion: TIM2e+I+R3
Bayesian Information Criterion:         TIM2e+G4
Best-fit model: TIM2e+G4 chosen according to BIC

All model information printed to Mojave2020.Exophiala.fasaln.clipkit.model.gz
CPU time for ModelFinder: 126.135 seconds (0h:2m:6s)
Wall-clock time for ModelFinder: 47.565 seconds (0h:0m:47s)
Generating 1000 samples for ultrafast bootstrap (seed: 85791)...

NOTE: 8 MB RAM (0 GB) is required!
Estimate model parameters (epsilon = 0.100)
1. Initial log-likelihood: -10297.840
Optimal log-likelihood: -10297.838
Rate parameters:  A-C: 2.09241  A-G: 2.99308  A-T: 2.09241  C-G: 1.00000  C-T: 6.66300  G-T: 1.00000
Base frequencies:  A: 0.250  C: 0.250  G: 0.250  T: 0.250
Gamma shape alpha: 0.356
Parameters optimization took 1 rounds (0.018 sec)
Wrote distance file to... 
Computing ML distances based on estimated model parameters...
Calculating distance matrix: done in 0.0100141 secs using 299.7% CPU
Computing ML distances took 0.010158 sec (of wall-clock time) 0.030363 sec (of CPU time)
Setting up auxiliary I and S matrices: done in 0.000132084 secs using 391.4% CPU
Constructing RapidNJ tree: done in 0.00151086 secs using 246.3% CPU
Computing RapidNJ tree took 0.001710 sec (of wall-clock time) 0.005326 sec (of CPU time)
Log-likelihood of RapidNJ tree: -10460.885
--------------------------------------------------------------------
|             INITIALIZING CANDIDATE TREE SET                      |
--------------------------------------------------------------------
Generating 98 parsimony trees... 0.887 second
Computing log-likelihood of 98 initial trees ... 0.748 seconds
Current best score: -10297.838

Do NNI search on 20 best initial trees
Optimizing NNI: done in 0.062506 secs using 299.1% CPU
Estimate model parameters (epsilon = 0.100)
BETTER TREE FOUND at iteration 1: -10296.296
Optimizing NNI: done in 0.207866 secs using 295.7% CPU
Optimizing NNI: done in 0.203776 secs using 294.7% CPU
Optimizing NNI: done in 0.196167 secs using 295.5% CPU
Optimizing NNI: done in 0.208855 secs using 294.3% CPU
Optimizing NNI: done in 0.206246 secs using 294.3% CPU
Optimizing NNI: done in 0.201192 secs using 294.1% CPU
Optimizing NNI: done in 0.312958 secs using 289.8% CPU
Optimizing NNI: done in 0.295439 secs using 292% CPU
Optimizing NNI: done in 0.209409 secs using 297.6% CPU
Iteration 10 / LogL: -10302.830 / Time: 0h:0m:3s
Optimizing NNI: done in 0.204825 secs using 297.1% CPU
Optimizing NNI: done in 0.308375 secs using 295.9% CPU
Optimizing NNI: done in 0.208876 secs using 293.4% CPU
Optimizing NNI: done in 0.202156 secs using 293.2% CPU
Optimizing NNI: done in 0.31333 secs using 293.1% CPU
Optimizing NNI: done in 0.215846 secs using 289.8% CPU
Optimizing NNI: done in 0.298348 secs using 295.8% CPU
Optimizing NNI: done in 0.199147 secs using 292.6% CPU
Optimizing NNI: done in 0.196333 secs using 298.5% CPU
Optimizing NNI: done in 0.210291 secs using 291% CPU
Iteration 20 / LogL: -10302.830 / Time: 0h:0m:6s
Finish initializing candidate tree set (5)
Current best tree score: -10296.296 / CPU time: 6.156
Number of iterations: 20
--------------------------------------------------------------------
|               OPTIMIZING CANDIDATE TREE SET                      |
--------------------------------------------------------------------
Optimizing NNI: done in 0.182828 secs using 297% CPU
Optimizing NNI: done in 0.192128 secs using 294.6% CPU
Optimizing NNI: done in 0.211377 secs using 297.3% CPU
Optimizing NNI: done in 0.217219 secs using 298.7% CPU
Optimizing NNI: done in 0.177747 secs using 295.1% CPU
Optimizing NNI: done in 0.206663 secs using 295.2% CPU
Optimizing NNI: done in 0.222431 secs using 297% CPU
Optimizing NNI: done in 0.225524 secs using 298.6% CPU
Optimizing NNI: done in 0.246892 secs using 297.9% CPU
Optimizing NNI: done in 0.176558 secs using 298% CPU
Iteration 30 / LogL: -10309.693 / Time: 0h:0m:8s (0h:0m:20s left)
Optimizing NNI: done in 0.190333 secs using 296% CPU
Optimizing NNI: done in 0.170826 secs using 297.9% CPU
Optimizing NNI: done in 0.225933 secs using 297.8% CPU
Optimizing NNI: done in 0.217867 secs using 293.1% CPU
Estimate model parameters (epsilon = 0.100)
BETTER TREE FOUND at iteration 34: -10296.222
Optimizing NNI: done in 0.188979 secs using 296.3% CPU
Optimizing NNI: done in 0.21587 secs using 296.3% CPU
Optimizing NNI: done in 0.185021 secs using 296.4% CPU
Optimizing NNI: done in 0.207538 secs using 297.2% CPU
Optimizing NNI: done in 0.234081 secs using 298.4% CPU
Optimizing NNI: done in 0.267913 secs using 295.7% CPU
Iteration 40 / LogL: -10296.546 / Time: 0h:0m:10s (0h:0m:25s left)
Optimizing NNI: done in 0.228236 secs using 293% CPU
Optimizing NNI: done in 0.195665 secs using 294.5% CPU
Optimizing NNI: done in 0.23073 secs using 296% CPU
Optimizing NNI: done in 0.238357 secs using 296.3% CPU
Optimizing NNI: done in 0.218107 secs using 292% CPU
Optimizing NNI: done in 0.222261 secs using 295.3% CPU
Optimizing NNI: done in 0.223638 secs using 297.8% CPU
Optimizing NNI: done in 0.222592 secs using 298.5% CPU
Estimate model parameters (epsilon = 0.100)
BETTER TREE FOUND at iteration 48: -10296.148
Optimizing NNI: done in 0.146102 secs using 298.6% CPU
Optimizing NNI: done in 0.195091 secs using 294.8% CPU
Iteration 50 / LogL: -10296.373 / Time: 0h:0m:12s (0h:0m:25s left)
Log-likelihood cutoff on original alignment: -10328.054
Optimizing NNI: done in 0.18055 secs using 293.5% CPU
Optimizing NNI: done in 0.227276 secs using 295.1% CPU
Optimizing NNI: done in 0.205315 secs using 295.7% CPU
Optimizing NNI: done in 0.18864 secs using 297% CPU
Optimizing NNI: done in 0.214635 secs using 295.9% CPU
Optimizing NNI: done in 0.209519 secs using 296.2% CPU
Optimizing NNI: done in 0.250675 secs using 297.1% CPU
Optimizing NNI: done in 0.171011 secs using 297.9% CPU
Optimizing NNI: done in 0.183358 secs using 297.5% CPU
Optimizing NNI: done in 0.198613 secs using 297.1% CPU
Iteration 60 / LogL: -10297.963 / Time: 0h:0m:15s (0h:0m:22s left)
Optimizing NNI: done in 0.200166 secs using 294.7% CPU
Optimizing NNI: done in 0.199299 secs using 296.5% CPU
Optimizing NNI: done in 0.254366 secs using 293.9% CPU
Optimizing NNI: done in 0.226646 secs using 297.3% CPU
Optimizing NNI: done in 0.18249 secs using 294.8% CPU
Optimizing NNI: done in 0.181384 secs using 295.2% CPU
Optimizing NNI: done in 0.243186 secs using 298.3% CPU
Optimizing NNI: done in 0.18538 secs using 296% CPU
Optimizing NNI: done in 0.123239 secs using 298.1% CPU
Optimizing NNI: done in 0.187131 secs using 297.5% CPU
Iteration 70 / LogL: -10299.135 / Time: 0h:0m:17s (0h:0m:19s left)
Optimizing NNI: done in 0.153752 secs using 292.5% CPU
Optimizing NNI: done in 0.200846 secs using 298.1% CPU
Optimizing NNI: done in 0.188305 secs using 294.9% CPU
Optimizing NNI: done in 0.261131 secs using 296.8% CPU
Optimizing NNI: done in 0.18195 secs using 294.7% CPU
Optimizing NNI: done in 0.196933 secs using 294% CPU
Optimizing NNI: done in 0.204785 secs using 295.7% CPU
Estimate model parameters (epsilon = 0.100)
UPDATE BEST LOG-LIKELIHOOD: -10296.133
Optimizing NNI: done in 0.203771 secs using 298.6% CPU
Optimizing NNI: done in 0.194016 secs using 298.4% CPU
Optimizing NNI: done in 0.215355 secs using 294.5% CPU
UPDATE BEST LOG-LIKELIHOOD: -10296.132
Iteration 80 / LogL: -10296.132 / Time: 0h:0m:19s (0h:0m:16s left)
Optimizing NNI: done in 0.226453 secs using 296.8% CPU
Optimizing NNI: done in 0.161233 secs using 294.8% CPU
Optimizing NNI: done in 0.189478 secs using 293.7% CPU
Optimizing NNI: done in 0.182916 secs using 297.7% CPU
Optimizing NNI: done in 0.224736 secs using 295.7% CPU
UPDATE BEST LOG-LIKELIHOOD: -10296.131
Optimizing NNI: done in 0.255793 secs using 295.5% CPU
Optimizing NNI: done in 0.210043 secs using 295.3% CPU
Optimizing NNI: done in 0.223491 secs using 299% CPU
Optimizing NNI: done in 0.194275 secs using 295.8% CPU
Optimizing NNI: done in 0.200412 secs using 295% CPU
Iteration 90 / LogL: -10296.172 / Time: 0h:0m:21s (0h:0m:13s left)
Optimizing NNI: done in 0.239472 secs using 296.6% CPU
Optimizing NNI: done in 0.203261 secs using 296.8% CPU
Optimizing NNI: done in 0.193143 secs using 295.5% CPU
Optimizing NNI: done in 0.194784 secs using 296.4% CPU
Optimizing NNI: done in 0.224518 secs using 295.6% CPU
UPDATE BEST LOG-LIKELIHOOD: -10296.130
Optimizing NNI: done in 0.203956 secs using 296.6% CPU
Optimizing NNI: done in 0.171718 secs using 296.6% CPU
Optimizing NNI: done in 0.170305 secs using 297.4% CPU
Optimizing NNI: done in 0.175857 secs using 295.9% CPU
Optimizing NNI: done in 0.227698 secs using 295.6% CPU
Iteration 100 / LogL: -10296.340 / Time: 0h:0m:23s (0h:0m:11s left)
Log-likelihood cutoff on original alignment: -10328.054
NOTE: Bootstrap correlation coefficient of split occurrence frequencies: 0.994
Optimizing NNI: done in 0.261636 secs using 296.2% CPU
Optimizing NNI: done in 0.222304 secs using 297.3% CPU
Optimizing NNI: done in 0.198644 secs using 297.1% CPU
Optimizing NNI: done in 0.249188 secs using 296.3% CPU
Optimizing NNI: done in 0.214629 secs using 294.3% CPU
Optimizing NNI: done in 0.159128 secs using 296.6% CPU
Optimizing NNI: done in 0.195215 secs using 298.2% CPU
Optimizing NNI: done in 0.158619 secs using 297.8% CPU
Optimizing NNI: done in 0.244525 secs using 294.9% CPU
Optimizing NNI: done in 0.175301 secs using 297.4% CPU
Iteration 110 / LogL: -10304.994 / Time: 0h:0m:25s (0h:0m:21s left)
Optimizing NNI: done in 0.202991 secs using 296.4% CPU
Optimizing NNI: done in 0.2217 secs using 295% CPU
Optimizing NNI: done in 0.185518 secs using 295.8% CPU
Optimizing NNI: done in 0.250309 secs using 296.7% CPU
Optimizing NNI: done in 0.204171 secs using 297.1% CPU
Optimizing NNI: done in 0.213919 secs using 296.2% CPU
Optimizing NNI: done in 0.176705 secs using 297.3% CPU
Optimizing NNI: done in 0.146194 secs using 296.9% CPU
Optimizing NNI: done in 0.185759 secs using 295.4% CPU
Optimizing NNI: done in 0.217818 secs using 298.5% CPU
Iteration 120 / LogL: -10297.144 / Time: 0h:0m:27s (0h:0m:18s left)
Optimizing NNI: done in 0.17562 secs using 296.3% CPU
Optimizing NNI: done in 0.14558 secs using 297.7% CPU
Optimizing NNI: done in 0.202291 secs using 297.9% CPU
Optimizing NNI: done in 0.266397 secs using 293.3% CPU
Optimizing NNI: done in 0.156054 secs using 297.1% CPU
Optimizing NNI: done in 0.187626 secs using 298.6% CPU
Optimizing NNI: done in 0.191119 secs using 295.5% CPU
Optimizing NNI: done in 0.211425 secs using 298.8% CPU
Optimizing NNI: done in 0.233887 secs using 298% CPU
Optimizing NNI: done in 0.199702 secs using 297.1% CPU
Iteration 130 / LogL: -10313.710 / Time: 0h:0m:30s (0h:0m:16s left)
Optimizing NNI: done in 0.122827 secs using 297.7% CPU
Optimizing NNI: done in 0.211132 secs using 297.7% CPU
Optimizing NNI: done in 0.22466 secs using 295.5% CPU
Optimizing NNI: done in 0.204879 secs using 296.1% CPU
Optimizing NNI: done in 0.173601 secs using 296.6% CPU
Optimizing NNI: done in 0.23809 secs using 297% CPU
Optimizing NNI: done in 0.206303 secs using 298.6% CPU
Optimizing NNI: done in 0.179432 secs using 298.6% CPU
Optimizing NNI: done in 0.282376 secs using 296% CPU
Optimizing NNI: done in 0.159793 secs using 297.8% CPU
Iteration 140 / LogL: -10296.137 / Time: 0h:0m:32s (0h:0m:13s left)
Optimizing NNI: done in 0.231408 secs using 295.6% CPU
Optimizing NNI: done in 0.277523 secs using 298% CPU
Optimizing NNI: done in 0.158483 secs using 296.6% CPU
Optimizing NNI: done in 0.198064 secs using 295.9% CPU
Optimizing NNI: done in 0.188296 secs using 294.2% CPU
Optimizing NNI: done in 0.203016 secs using 297.6% CPU
Optimizing NNI: done in 0.168329 secs using 296.1% CPU
Optimizing NNI: done in 0.25078 secs using 298.3% CPU
Optimizing NNI: done in 0.224485 secs using 296.9% CPU
TREE SEARCH COMPLETED AFTER 149 ITERATIONS / Time: 0h:0m:34s

--------------------------------------------------------------------
|                    FINALIZING TREE SEARCH                        |
--------------------------------------------------------------------
Performs final model parameters optimization
Estimate model parameters (epsilon = 0.010)
1. Initial log-likelihood: -10296.130
Optimal log-likelihood: -10296.129
Rate parameters:  A-C: 2.07425  A-G: 3.02447  A-T: 2.07425  C-G: 1.00000  C-T: 6.68657  G-T: 1.00000
Base frequencies:  A: 0.250  C: 0.250  G: 0.250  T: 0.250
Gamma shape alpha: 0.349
Parameters optimization took 1 rounds (0.019 sec)
BEST SCORE FOUND : -10296.129

Testing tree branches by SH-like aLRT with 1000 replicates...
0.397 sec.
Creating bootstrap support values...
Split supports printed to NEXUS file Mojave2020.Exophiala.fasaln.clipkit.splits.nex
Total tree length: 8.140

Total number of iterations: 149
CPU time used for tree search: 99.140 sec (0h:1m:39s)
Wall-clock time used for tree search: 34.008 sec (0h:0m:34s)
Total CPU time used: 101.365 sec (0h:1m:41s)
Total wall-clock time used: 34.771 sec (0h:0m:34s)

Computing bootstrap consensus tree...
Reading input file Mojave2020.Exophiala.fasaln.clipkit.splits.nex...
79 taxa and 451 splits.
Consensus tree written to Mojave2020.Exophiala.fasaln.clipkit.contree
Reading input trees file Mojave2020.Exophiala.fasaln.clipkit.contree
Log-likelihood of consensus tree: -10296.441

Analysis results written to: 
  IQ-TREE report:                Mojave2020.Exophiala.fasaln.clipkit.iqtree
  Maximum-likelihood tree:       Mojave2020.Exophiala.fasaln.clipkit.treefile
  Likelihood distances:          Mojave2020.Exophiala.fasaln.clipkit.mldist

Ultrafast bootstrap approximation results written to:
  Split support values:          Mojave2020.Exophiala.fasaln.clipkit.splits.nex
  Consensus tree:                Mojave2020.Exophiala.fasaln.clipkit.contree
  Screen log file:               Mojave2020.Exophiala.fasaln.clipkit.log

Date and Time: Thu Nov 16 00:18:15 2023
